Arguments: 
  C:\Program Files\nodejs\node.exe C:\Users\henrique.silva_warre\AppData\Roaming\npm\node_modules\yarn\bin\yarn.js add joi

PATH: 
  C:\Windows\system32;C:\Windows;C:\Windows\System32\Wbem;C:\Windows\System32\WindowsPowerShell\v1.0\;C:\Windows\System32\OpenSSH\;C:\Program Files\dotnet\;C:\ProgramData\chocolatey\bin;C:\Strawberry\c\bin;C:\Strawberry\perl\site\bin;C:\Strawberry\perl\bin;C:\Users\henrique.silva_warre\AppData\Roaming\nvm;C:\Program Files\nodejs;C:\Users\henrique.silva_warre\AppData\Local\Microsoft\WindowsApps;C:\Users\henrique.silva_warre\AppData\Local\Programs\Microsoft VS Code\bin;C:\Users\henrique.silva_warre\AppData\Local\Programs\Git\cmd;C:\Flutter\bin;C:\Users\henrique.silva_warre\AppData\Local\GitHubDesktop\bin;C:\Users\henrique.silva_warre\AppData\Roaming\npm;C:\Users\henrique.silva_warre\AppData\Roaming\nvm;C:\Program Files\nodejs

Yarn version: 
  1.22.19

Node version: 
  16.18.1

Platform: 
  win32 x64

Trace: 
  Error: self signed certificate in certificate chain
      at TLSSocket.onConnectSecure (node:_tls_wrap:1539:34)
      at TLSSocket.emit (node:events:513:28)
      at TLSSocket._finishInit (node:_tls_wrap:953:8)
      at TLSWrap.ssl.onhandshakedone (node:_tls_wrap:734:12)

npm manifest: 
  {
    "name": "everest03nodets",
    "version": "1.0.0",
    "description": "",
    "main": "index.js",
    "scripts": {
      "test": "echo \"Error: no test specified\" && exit 1"
    },
    "author": "",
    "license": "ISC",
    "dependencies": {
      "@types/express": "^4.17.14",
      "express": "^4.18.2"
    },
    "devDependencies": {
      "@types/node": "^18.11.9",
      "@types/nodemon": "^1.19.2",
      "@typescript-eslint/eslint-plugin": "^5.44.0",
      "@typescript-eslint/parser": "^5.44.0",
      "typescript": "^4.9.3"
    }
  }

yarn manifest: 
  No manifest

Lockfile: 
  No lockfile
